<?xml version="1.0" encoding="UTF-8"?>
<testsuite xmlns:xsi="http://www.w3.org/2001/XMLSchema-instance" xsi:noNamespaceSchemaLocation="https://maven.apache.org/surefire/maven-surefire-plugin/xsd/surefire-test-report.xsd" name="day02_US12300_scenario_outline_1.feature" time="54.548" tests="9" errors="0" skipped="0" failures="0">
  <properties>
[...]
</properties>
  <testcase name="TC_Google_Search_Test #1" classname="day02_US12300_scenario_outline_1.feature" time="9.027"/>
  <testcase name="TC_Google_Search_Test #2" classname="day02_US12300_scenario_outline_1.feature" time="6.329"/>
  <testcase name="TC_Google_Search_Test #3" classname="day02_US12300_scenario_outline_1.feature" time="6.189"/>
  <testcase name="TC_Google_Search_Test #4" classname="day02_US12300_scenario_outline_1.feature" time="6.525"/>
  <testcase name="TC_Google_Search_Test #5" classname="day02_US12300_scenario_outline_1.feature" time="7.452"/>
  <testcase name="TC_Google_Search_Test #6" classname="day02_US12300_scenario_outline_1.feature" time="5.077"/>
  <testcase name="TC_Google_Search_Test #7" classname="day02_US12300_scenario_outline_1.feature" time="4.705"/>
  <testcase name="TC_Google_Search_Test #8" classname="day02_US12300_scenario_outline_1.feature" time="4.678"/>
  <testcase name="TC_Google_Search_Test #9" classname="day02_US12300_scenario_outline_1.feature" time="4.562"/>
</testsuite>